INFO  31.03.2023 22:41:56  Trying to initialize repositories from: 
    F:\Game\magnolia-community-demo-webapp-6.2.32-tomcat-bundle\magnolia-6.2.32\apache-tomcat-9.0.73\webapps\magnoliaPublic\WEB-INF\bootstrap\public
    F:\Game\magnolia-community-demo-webapp-6.2.32-tomcat-bundle\magnolia-6.2.32\apache-tomcat-9.0.73\webapps\magnoliaPublic\WEB-INF\bootstrap\common
INFO  31.03.2023 22:41:56  Repository [dam] has been initialized.
INFO  31.03.2023 22:41:56  Repository [keystore] has been initialized.
INFO  31.03.2023 22:41:56  Repository [contacts] has been initialized.
INFO  31.03.2023 22:41:56  Repository [usergroups] has been initialized.
INFO  31.03.2023 22:41:56  Repository [magnolia-mgnlSystem] has been initialized.
INFO  31.03.2023 22:41:56  Repository [scripts] has been initialized.
INFO  31.03.2023 22:41:56  Repository [tours] has been initialized.
INFO  31.03.2023 22:41:56  Repository [website] has been initialized.
INFO  31.03.2023 22:41:56  Repository [magnolia-mgnlVersion] has been initialized.
INFO  31.03.2023 22:41:56  Repository [userroles] has been initialized.
INFO  31.03.2023 22:41:56  Repository [profiles] has been initialized.
INFO  31.03.2023 22:41:56  Repository [users] has been initialized.
INFO  31.03.2023 22:41:56  Repository [tasks] has been initialized.
INFO  31.03.2023 22:41:56  Repository [imaging] has been initialized.
INFO  31.03.2023 22:41:56  Repository [category] has been initialized.
INFO  31.03.2023 22:41:56  Repository [rss] has been initialized.
INFO  31.03.2023 22:41:56  Repository [default] has been initialized.
INFO  31.03.2023 22:41:56  Repository [resources] has been initialized.
INFO  31.03.2023 22:41:56  Repository [messages] has been initialized.
INFO  31.03.2023 22:41:56  Repository [config] has been initialized.
