ERROR info.magnolia.publishing.command.PublicationCommand 31.03.2023 22:54:10 -- Receiver: magnoliaPublic8080, error: Unable to contact receiver, HTTP response code: 503.
info.magnolia.publishing.exception.PublicationException: Unable to contact receiver, HTTP response code: 503.
	at info.magnolia.publishing.sender.operation.HttpPublicationOperation.execute(HttpPublicationOperation.java:175) ~[magnolia-publishing-sender-1.3.8.jar:?]
	at info.magnolia.publishing.sender.operation.HttpPublicationOperation.execute(HttpPublicationOperation.java:76) ~[magnolia-publishing-sender-1.3.8.jar:?]
	at info.magnolia.publishing.sender.AbstractSender$2.doRun(AbstractSender.java:319) ~[magnolia-publishing-core-1.3.8.jar:?]
	at info.magnolia.publishing.sender.AbstractSender$Task.run(AbstractSender.java:341) ~[magnolia-publishing-core-1.3.8.jar:?]
	at java.util.concurrent.Executors$RunnableAdapter.call(Executors.java:577) ~[?:?]
	at com.google.common.util.concurrent.TrustedListenableFutureTask$TrustedFutureInterruptibleTask.runInterruptibly(TrustedListenableFutureTask.java:131) ~[guava-31.1-jre.jar:?]
	at com.google.common.util.concurrent.InterruptibleTask.run(InterruptibleTask.java:74) ~[guava-31.1-jre.jar:?]
	at com.google.common.util.concurrent.TrustedListenableFutureTask.run(TrustedListenableFutureTask.java:82) ~[guava-31.1-jre.jar:?]
	at java.util.concurrent.ThreadPoolExecutor.runWorker(ThreadPoolExecutor.java:1144) ~[?:?]
	at java.util.concurrent.ThreadPoolExecutor$Worker.run(ThreadPoolExecutor.java:642) ~[?:?]
	at java.lang.Thread.run(Thread.java:1623) [?:?]
ERROR info.magnolia.publishing.command.PublicationCommand 31.03.2023 22:54:21 -- Receiver: magnoliaPublic8080, error: Unable to contact receiver, HTTP response code: 503.
info.magnolia.publishing.exception.PublicationException: Unable to contact receiver, HTTP response code: 503.
	at info.magnolia.publishing.sender.operation.HttpPublicationOperation.execute(HttpPublicationOperation.java:175) ~[magnolia-publishing-sender-1.3.8.jar:?]
	at info.magnolia.publishing.sender.operation.HttpPublicationOperation.execute(HttpPublicationOperation.java:76) ~[magnolia-publishing-sender-1.3.8.jar:?]
	at info.magnolia.publishing.sender.AbstractSender$2.doRun(AbstractSender.java:319) ~[magnolia-publishing-core-1.3.8.jar:?]
	at info.magnolia.publishing.sender.AbstractSender$Task.run(AbstractSender.java:341) ~[magnolia-publishing-core-1.3.8.jar:?]
	at java.util.concurrent.Executors$RunnableAdapter.call(Executors.java:577) ~[?:?]
	at com.google.common.util.concurrent.TrustedListenableFutureTask$TrustedFutureInterruptibleTask.runInterruptibly(TrustedListenableFutureTask.java:131) ~[guava-31.1-jre.jar:?]
	at com.google.common.util.concurrent.InterruptibleTask.run(InterruptibleTask.java:74) ~[guava-31.1-jre.jar:?]
	at com.google.common.util.concurrent.TrustedListenableFutureTask.run(TrustedListenableFutureTask.java:82) ~[guava-31.1-jre.jar:?]
	at java.util.concurrent.ThreadPoolExecutor.runWorker(ThreadPoolExecutor.java:1144) ~[?:?]
	at java.util.concurrent.ThreadPoolExecutor$Worker.run(ThreadPoolExecutor.java:642) ~[?:?]
	at java.lang.Thread.run(Thread.java:1623) [?:?]
ERROR info.magnolia.publishing.command.PublicationCommand 31.03.2023 22:54:27 -- Receiver: magnoliaPublic8080, error: Unable to contact receiver, HTTP response code: 503.
info.magnolia.publishing.exception.PublicationException: Unable to contact receiver, HTTP response code: 503.
	at info.magnolia.publishing.sender.operation.HttpPublicationOperation.execute(HttpPublicationOperation.java:175) ~[magnolia-publishing-sender-1.3.8.jar:?]
	at info.magnolia.publishing.sender.operation.HttpPublicationOperation.execute(HttpPublicationOperation.java:76) ~[magnolia-publishing-sender-1.3.8.jar:?]
	at info.magnolia.publishing.sender.AbstractSender$2.doRun(AbstractSender.java:319) ~[magnolia-publishing-core-1.3.8.jar:?]
	at info.magnolia.publishing.sender.AbstractSender$Task.run(AbstractSender.java:341) ~[magnolia-publishing-core-1.3.8.jar:?]
	at java.util.concurrent.Executors$RunnableAdapter.call(Executors.java:577) ~[?:?]
	at com.google.common.util.concurrent.TrustedListenableFutureTask$TrustedFutureInterruptibleTask.runInterruptibly(TrustedListenableFutureTask.java:131) ~[guava-31.1-jre.jar:?]
	at com.google.common.util.concurrent.InterruptibleTask.run(InterruptibleTask.java:74) ~[guava-31.1-jre.jar:?]
	at com.google.common.util.concurrent.TrustedListenableFutureTask.run(TrustedListenableFutureTask.java:82) ~[guava-31.1-jre.jar:?]
	at java.util.concurrent.ThreadPoolExecutor.runWorker(ThreadPoolExecutor.java:1144) ~[?:?]
	at java.util.concurrent.ThreadPoolExecutor$Worker.run(ThreadPoolExecutor.java:642) ~[?:?]
	at java.lang.Thread.run(Thread.java:1623) [?:?]
ERROR info.magnolia.publishing.command.PublicationCommand 31.03.2023 23:07:54 -- Receiver: magnoliaPublic8080, error: Unable to contact receiver, HTTP response code: 503.
info.magnolia.publishing.exception.PublicationException: Unable to contact receiver, HTTP response code: 503.
	at info.magnolia.publishing.sender.operation.HttpPublicationOperation.execute(HttpPublicationOperation.java:175) ~[magnolia-publishing-sender-1.3.8.jar:?]
	at info.magnolia.publishing.sender.operation.HttpPublicationOperation.execute(HttpPublicationOperation.java:76) ~[magnolia-publishing-sender-1.3.8.jar:?]
	at info.magnolia.publishing.sender.AbstractSender$2.doRun(AbstractSender.java:319) ~[magnolia-publishing-core-1.3.8.jar:?]
	at info.magnolia.publishing.sender.AbstractSender$Task.run(AbstractSender.java:341) ~[magnolia-publishing-core-1.3.8.jar:?]
	at java.util.concurrent.Executors$RunnableAdapter.call(Executors.java:577) ~[?:?]
	at com.google.common.util.concurrent.TrustedListenableFutureTask$TrustedFutureInterruptibleTask.runInterruptibly(TrustedListenableFutureTask.java:131) ~[guava-31.1-jre.jar:?]
	at com.google.common.util.concurrent.InterruptibleTask.run(InterruptibleTask.java:74) ~[guava-31.1-jre.jar:?]
	at com.google.common.util.concurrent.TrustedListenableFutureTask.run(TrustedListenableFutureTask.java:82) ~[guava-31.1-jre.jar:?]
	at java.util.concurrent.ThreadPoolExecutor.runWorker(ThreadPoolExecutor.java:1144) ~[?:?]
	at java.util.concurrent.ThreadPoolExecutor$Worker.run(ThreadPoolExecutor.java:642) ~[?:?]
	at java.lang.Thread.run(Thread.java:1623) [?:?]
ERROR info.magnolia.publishing.command.PublicationCommand 31.03.2023 23:08:17 -- Receiver: magnoliaPublic8080, error: Unable to contact receiver, HTTP response code: 503.
info.magnolia.publishing.exception.PublicationException: Unable to contact receiver, HTTP response code: 503.
	at info.magnolia.publishing.sender.operation.HttpPublicationOperation.execute(HttpPublicationOperation.java:175) ~[magnolia-publishing-sender-1.3.8.jar:?]
	at info.magnolia.publishing.sender.operation.HttpPublicationOperation.execute(HttpPublicationOperation.java:76) ~[magnolia-publishing-sender-1.3.8.jar:?]
	at info.magnolia.publishing.sender.AbstractSender$2.doRun(AbstractSender.java:319) ~[magnolia-publishing-core-1.3.8.jar:?]
	at info.magnolia.publishing.sender.AbstractSender$Task.run(AbstractSender.java:341) ~[magnolia-publishing-core-1.3.8.jar:?]
	at java.util.concurrent.Executors$RunnableAdapter.call(Executors.java:577) ~[?:?]
	at com.google.common.util.concurrent.TrustedListenableFutureTask$TrustedFutureInterruptibleTask.runInterruptibly(TrustedListenableFutureTask.java:131) ~[guava-31.1-jre.jar:?]
	at com.google.common.util.concurrent.InterruptibleTask.run(InterruptibleTask.java:74) ~[guava-31.1-jre.jar:?]
	at com.google.common.util.concurrent.TrustedListenableFutureTask.run(TrustedListenableFutureTask.java:82) ~[guava-31.1-jre.jar:?]
	at java.util.concurrent.ThreadPoolExecutor.runWorker(ThreadPoolExecutor.java:1144) ~[?:?]
	at java.util.concurrent.ThreadPoolExecutor$Worker.run(ThreadPoolExecutor.java:642) ~[?:?]
	at java.lang.Thread.run(Thread.java:1623) [?:?]
